running develop
/usr/lib/python3/dist-packages/setuptools/command/easy_install.py:158: EasyInstallDeprecationWarning: easy_install command is deprecated. Use build and pip and other standards-based tools.
  warnings.warn(
running egg_info
creating exercise_decoder_node.egg-info
writing exercise_decoder_node.egg-info/PKG-INFO
writing dependency_links to exercise_decoder_node.egg-info/dependency_links.txt
writing entry points to exercise_decoder_node.egg-info/entry_points.txt
writing requirements to exercise_decoder_node.egg-info/requires.txt
writing top-level names to exercise_decoder_node.egg-info/top_level.txt
writing manifest file 'exercise_decoder_node.egg-info/SOURCES.txt'
reading manifest file 'exercise_decoder_node.egg-info/SOURCES.txt'
writing manifest file 'exercise_decoder_node.egg-info/SOURCES.txt'
running build_ext
Creating /home/georgekouretas/ros2_ws/src/exercise_decoder_node/install/exercise_decoder_node/lib/python3.10/site-packages/exercise-decoder-node.egg-link (link to .)
Installing simple_speed_decoder script to /home/georgekouretas/ros2_ws/src/exercise_decoder_node/install/exercise_decoder_node/lib/exercise_decoder_node

Installed /home/georgekouretas/ros2_ws/src/exercise_decoder_node/build/exercise_decoder_node
running symlink_data
creating /home/georgekouretas/ros2_ws/src/exercise_decoder_node/install/exercise_decoder_node/share/ament_index
creating /home/georgekouretas/ros2_ws/src/exercise_decoder_node/install/exercise_decoder_node/share/ament_index/resource_index
creating /home/georgekouretas/ros2_ws/src/exercise_decoder_node/install/exercise_decoder_node/share/ament_index/resource_index/packages
symbolically linking /home/georgekouretas/ros2_ws/src/exercise_decoder_node/build/exercise_decoder_node/resource/exercise_decoder_node -> /home/georgekouretas/ros2_ws/src/exercise_decoder_node/install/exercise_decoder_node/share/ament_index/resource_index/packages
symbolically linking /home/georgekouretas/ros2_ws/src/exercise_decoder_node/build/exercise_decoder_node/package.xml -> /home/georgekouretas/ros2_ws/src/exercise_decoder_node/install/exercise_decoder_node/share/exercise_decoder_node
