[0.402s] Invoking command in '/home/georgekouretas/ros2_ws/src/exercise_decoder_node/build/exercise_decoder_node': PYTHONPATH=/home/georgekouretas/ros2_ws/src/exercise_decoder_node/build/exercise_decoder_node/prefix_override:/usr/lib/python3/dist-packages/colcon_core/task/python/colcon_distutils_commands:/home/georgekouretas/ros2_ws/src/exercise_decoder_node/install/exercise_decoder_node/lib/python3.10/site-packages:${PYTHONPATH} /usr/bin/python3 -W ignore:setup.py install is deprecated setup.py develop --editable --build-directory /home/georgekouretas/ros2_ws/src/exercise_decoder_node/build/exercise_decoder_node/build --no-deps symlink_data
[0.577s] running develop
[0.577s] /usr/lib/python3/dist-packages/setuptools/command/easy_install.py:158: EasyInstallDeprecationWarning: easy_install command is deprecated. Use build and pip and other standards-based tools.
[0.577s]   warnings.warn(
[0.697s] running egg_info
[0.697s] creating exercise_decoder_node.egg-info
[0.697s] writing exercise_decoder_node.egg-info/PKG-INFO
[0.697s] writing dependency_links to exercise_decoder_node.egg-info/dependency_links.txt
[0.698s] writing entry points to exercise_decoder_node.egg-info/entry_points.txt
[0.698s] writing requirements to exercise_decoder_node.egg-info/requires.txt
[0.698s] writing top-level names to exercise_decoder_node.egg-info/top_level.txt
[0.698s] writing manifest file 'exercise_decoder_node.egg-info/SOURCES.txt'
[0.699s] reading manifest file 'exercise_decoder_node.egg-info/SOURCES.txt'
[0.699s] writing manifest file 'exercise_decoder_node.egg-info/SOURCES.txt'
[0.700s] running build_ext
[0.700s] Creating /home/georgekouretas/ros2_ws/src/exercise_decoder_node/install/exercise_decoder_node/lib/python3.10/site-packages/exercise-decoder-node.egg-link (link to .)
[0.701s] Installing simple_speed_decoder script to /home/georgekouretas/ros2_ws/src/exercise_decoder_node/install/exercise_decoder_node/lib/exercise_decoder_node
[0.701s] 
[0.701s] Installed /home/georgekouretas/ros2_ws/src/exercise_decoder_node/build/exercise_decoder_node
[0.701s] running symlink_data
[0.701s] creating /home/georgekouretas/ros2_ws/src/exercise_decoder_node/install/exercise_decoder_node/share/ament_index
[0.701s] creating /home/georgekouretas/ros2_ws/src/exercise_decoder_node/install/exercise_decoder_node/share/ament_index/resource_index
[0.701s] creating /home/georgekouretas/ros2_ws/src/exercise_decoder_node/install/exercise_decoder_node/share/ament_index/resource_index/packages
[0.701s] symbolically linking /home/georgekouretas/ros2_ws/src/exercise_decoder_node/build/exercise_decoder_node/resource/exercise_decoder_node -> /home/georgekouretas/ros2_ws/src/exercise_decoder_node/install/exercise_decoder_node/share/ament_index/resource_index/packages
[0.701s] symbolically linking /home/georgekouretas/ros2_ws/src/exercise_decoder_node/build/exercise_decoder_node/package.xml -> /home/georgekouretas/ros2_ws/src/exercise_decoder_node/install/exercise_decoder_node/share/exercise_decoder_node
[0.716s] Invoked command in '/home/georgekouretas/ros2_ws/src/exercise_decoder_node/build/exercise_decoder_node' returned '0': PYTHONPATH=/home/georgekouretas/ros2_ws/src/exercise_decoder_node/build/exercise_decoder_node/prefix_override:/usr/lib/python3/dist-packages/colcon_core/task/python/colcon_distutils_commands:/home/georgekouretas/ros2_ws/src/exercise_decoder_node/install/exercise_decoder_node/lib/python3.10/site-packages:${PYTHONPATH} /usr/bin/python3 -W ignore:setup.py install is deprecated setup.py develop --editable --build-directory /home/georgekouretas/ros2_ws/src/exercise_decoder_node/build/exercise_decoder_node/build --no-deps symlink_data
